

***********************************************************************
Fatal NI connect error 12203, connecting to:
 (DESCRIPTION=(CONNECT_DATA=(SID=fr2000)(CID=(PROGRAM=)(HOST=uks682)(USER=aduncan)))(ADDRESS_LIST=(ADDRESS=(PROTOCOL=ipc)(KEY=fr2000.uk.oracle.com))(ADDRESS=(COMMUNITY=tcp_community)(PROTOCOL=TCP)(Host=emea23.uk.oracle.com)(Port=1521))))

  VERSION INFORMATION:
	TNS for Solaris: Version 8.0.4.0.0 - Production
	Unix Domain Socket IPC NT Protocol Adaptor for Solaris: Version 8.0.4.0.0 - Production
	TCP/IP NT Protocol Adapter for Solaris: Version 8.0.4.0.0 - Production
  Time: 28-JAN-99 16:05:43
  Tracing not turned on.
  Tns error struct:
    nr err code: 12203
    TNS-12203: TNS:unable to connect to destination
    ns main err code: 12535
    TNS-12535: TNS:operation timed out
    ns secondary err code: 12560
    nt main err code: 505
    TNS-00505: Operation timed out
    nt secondary err code: 145
    nt OS err code: 0


***********************************************************************
Fatal NI connect error 12203, connecting to:
 (DESCRIPTION=(CONNECT_DATA=(SID=fr2000)(CID=(PROGRAM=)(HOST=uks682)(USER=aduncan)))(ADDRESS_LIST=(ADDRESS=(PROTOCOL=ipc)(KEY=fr2000.uk.oracle.com))(ADDRESS=(COMMUNITY=tcp_community)(PROTOCOL=TCP)(Host=emea23.uk.oracle.com)(Port=1521))))

  VERSION INFORMATION:
	TNS for Solaris: Version 8.0.4.0.0 - Production
	Unix Domain Socket IPC NT Protocol Adaptor for Solaris: Version 8.0.4.0.0 - Production
	TCP/IP NT Protocol Adapter for Solaris: Version 8.0.4.0.0 - Production
  Time: 28-JAN-99 16:09:05
  Tracing not turned on.
  Tns error struct:
    nr err code: 12203
    TNS-12203: TNS:unable to connect to destination
    ns main err code: 12535
    TNS-12535: TNS:operation timed out
    ns secondary err code: 12560
    nt main err code: 505
    TNS-00505: Operation timed out
    nt secondary err code: 145
    nt OS err code: 0
